{"level":"warn","message":"ruta /asd metodo GET no implementado"}
{"level":"warn","message":"ruta /undefined metodo GET no implementado"}
{"level":"warn","message":"ruta /undefined metodo GET no implementado"}
{"level":"warn","message":"ruta /tests/productosTest metodo GET no implementado"}
{"level":"warn","message":"ruta /tests/productostest metodo GET no implementado"}
{"level":"warn","message":"ruta /tests/productos-test metodo GET no implementado"}
{"level":"warn","message":"ruta /tests/productos-test metodo GET no implementado"}
{"level":"warn","message":"ruta /undefined metodo GET no implementado"}
{"level":"warn","message":"ruta /undefined metodo GET no implementado"}
{"level":"warn","message":"ruta /undefined metodo GET no implementado"}
{"level":"warn","message":"ruta /undefined metodo GET no implementado"}
{"level":"warn","message":"ruta /undefined metodo GET no implementado"}
{"level":"warn","message":"ruta /undefined metodo GET no implementado"}
{"level":"warn","message":"ruta /undefined metodo GET no implementado"}
{"level":"warn","message":"ruta /undefined metodo GET no implementado"}
{"level":"warn","message":"ruta /undefined metodo GET no implementado"}
{"level":"warn","message":"ruta /undefined metodo GET no implementado"}
{"level":"warn","message":"ruta /undefined metodo GET no implementado"}
{"level":"warn","message":"ruta /undefined metodo GET no implementado"}
{"level":"warn","message":"ruta /undefined metodo GET no implementado"}
{"level":"warn","message":"ruta /undefined metodo GET no implementado"}
{"level":"warn","message":"ruta /undefined metodo GET no implementado"}
{"level":"warn","message":"ruta /undefined metodo GET no implementado"}
{"level":"warn","message":"ruta /undefined metodo GET no implementado"}
{"level":"warn","message":"ruta /undefined metodo GET no implementado"}
{"level":"warn","message":"ruta /undefined metodo GET no implementado"}
{"level":"warn","message":"ruta /undefined metodo GET no implementado"}
{"level":"warn","message":"ruta /undefined metodo GET no implementado"}
{"level":"warn","message":"ruta /undefined metodo GET no implementado"}
{"level":"warn","message":"ruta /undefined metodo GET no implementado"}
{"level":"warn","message":"ruta /undefined metodo GET no implementado"}
{"level":"warn","message":"ruta /undefined metodo GET no implementado"}
{"level":"warn","message":"ruta /undefined metodo GET no implementado"}
{"level":"warn","message":"ruta /undefined metodo GET no implementado"}
{"level":"warn","message":"ruta /undefined metodo GET no implementado"}
{"level":"warn","message":"ruta /undefined metodo GET no implementado"}
{"level":"warn","message":"ruta /undefined metodo GET no implementado"}
{"level":"warn","message":"ruta /undefined metodo GET no implementado"}
{"level":"warn","message":"ruta /undefined metodo GET no implementado"}
{"level":"warn","message":"ruta /undefined metodo GET no implementado"}
{"level":"warn","message":"ruta /undefined metodo GET no implementado"}
{"level":"warn","message":"ruta /undefined metodo GET no implementado"}
{"level":"warn","message":"ruta /undefined metodo GET no implementado"}
{"level":"warn","message":"ruta /undefined metodo GET no implementado"}
{"level":"warn","message":"ruta /undefined metodo GET no implementado"}
{"level":"warn","message":"ruta /undefined metodo GET no implementado"}
{"level":"warn","message":"ruta /undefined metodo GET no implementado"}
{"level":"warn","message":"ruta /undefined metodo GET no implementado"}
{"level":"warn","message":"ruta /undefined metodo GET no implementado"}
{"level":"warn","message":"ruta /undefined metodo GET no implementado"}
{"level":"warn","message":"ruta /undefined metodo GET no implementado"}
{"level":"warn","message":"ruta /undefined metodo GET no implementado"}
{"level":"warn","message":"ruta /undefined metodo GET no implementado"}
{"level":"warn","message":"ruta /undefined metodo GET no implementado"}
{"level":"warn","message":"ruta /undefined metodo GET no implementado"}
